[2025-03-26 15:30:46] Attempting login - Email: example@gmail.com
[2025-03-26 15:30:46] Login successful for: example@gmail.com
[2025-03-26 16:32:23] Attempting login - Email: example@gmail.com
[2025-03-26 16:32:23] Login successful for: example@gmail.com
[2025-03-26 16:33:01] Attempting registration - Email: craft@gmail.com
[2025-03-26 16:33:01] Registration successful for: craft@gmail.com
[2025-03-26 16:33:24] Attempting login - Email: craft@gmail.com
[2025-03-26 16:33:24] Login successful for: craft@gmail.com
[2025-03-26 16:33:15] Attempting registration - Email: Kent@corps.com
[2025-03-26 16:33:15] Registration successful for: Kent@corps.com
[2025-03-26 16:33:24] Attempting login - Email: Kent@corps.com
[2025-03-26 16:33:24] Login successful for: Kent@corps.com
[2025-03-26 16:42:53] Attempting login - Email: example@gmail.com
[2025-03-26 16:42:53] Login successful for: example@gmail.com
[2025-03-26 16:46:31] Attempting login - Email: example@gmail.com
[2025-03-26 16:46:31] Login successful for: example@gmail.com
[2025-03-26 16:41:26] Attempting login - Email: Kent@corps.com
[2025-03-26 16:41:26] Login successful for: Kent@corps.com
[2025-03-26 17:48:04] Attempting login - Email: Kent@corps.com
[2025-03-26 17:48:04] Login successful for: Kent@corps.com
[2025-03-26 17:51:02] Attempting login - Email: Kent@corps.com
[2025-03-26 17:51:02] Login successful for: Kent@corps.com
[2025-03-26 18:15:50] Attempting farmer login - Email: nemz@gmail.com
[2025-03-26 18:15:50] Login successful for: nemz@gmail.com
[2025-03-26 18:17:13] Attempting farmer login - Email: Kent@corps.com
[2025-03-26 18:17:13] Exception: Table 'capstone.farmer_acc' doesn't exist
[2025-03-26 18:17:20] Attempting farmer login - Email: Kent@corps.com
[2025-03-26 18:17:20] Exception: Table 'capstone.farmer_acc' doesn't exist
[2025-03-26 18:19:06] Attempting farmer registration - Email: gey@gey.com
[2025-03-26 18:19:06] Registration successful for: gey@gey.com
[2025-03-26 18:19:14] Attempting farmer login - Email: gey@gey.com
[2025-03-26 18:19:14] Login successful for: gey@gey.com
[2025-03-26 19:51:36] Attempting farmer registration - Email: johnbaile77@yahoo.com
[2025-03-26 19:51:36] Registration successful for: johnbaile77@yahoo.com
[2025-03-26 19:51:42] Attempting farmer login - Email: johnbaile77@yahoo.com
[2025-03-26 19:51:42] Login successful for: johnbaile77@yahoo.com
[2025-03-26 19:53:33] Attempting farmer login - Email: johnbaile77@yahoo.com
[2025-03-26 19:53:33] Login successful for: johnbaile77@yahoo.com
[2025-03-26 19:55:14] Attempting farmer login - Email: johnbaile77@yahoo.com
[2025-03-26 19:55:14] Login successful for: johnbaile77@yahoo.com
[2025-03-26 19:56:04] Attempting farmer login - Email: johnbaile77@yahoo.com
[2025-03-26 19:56:04] Login successful for: johnbaile77@yahoo.com
[2025-03-27 02:54:29] Attempting farmer registration - Email: ibanamayie36@gmail.com
[2025-03-27 02:54:29] Registration successful for: ibanamayie36@gmail.com
[2025-03-27 02:54:40] Attempting farmer login - Email: ibanamayie36@gmail.com
[2025-03-27 02:54:40] Login successful for: ibanamayie36@gmail.com
[2025-03-31 17:38:32] Attempting farmer login - Email: Kent@corps.com
[2025-03-31 17:38:32] Login failed for email: Kent@corps.com - Email not found
[2025-03-31 17:38:41] Attempting farmer login - Email: Kent@corps.com
[2025-03-31 17:38:41] Login failed for email: Kent@corps.com - Email not found
[2025-03-31 17:38:56] Attempting farmer registration - Email: gey@gey.com
[2025-03-31 17:38:56] Registration failed - Email already exists: gey@gey.com
[2025-03-31 17:40:06] Attempting farmer registration - Email: Kent@corp.com
[2025-03-31 17:40:06] Registration successful for: Kent@corp.com
[2025-03-31 17:40:13] Attempting farmer login - Email: Kent@corp.com
[2025-03-31 17:40:13] Login successful for: Kent@corp.com
[2025-03-31 18:05:14] Attempting farmer login - Email: Kent@corp.com
[2025-03-31 18:05:14] Login successful for: Kent@corp.com
[2025-04-01 16:06:56] Attempting farmer login - Identifier: 
[2025-04-01 16:06:56] Exception: Unknown column 'username' in 'where clause'
[2025-04-01 16:53:07] Attempting farmer registration - Username: bbnos
[2025-04-01 16:53:07] Registration failed - Contact number must be exactly 11 digits: 098989898989
[2025-04-01 16:53:26] Attempting farmer registration - Username: bbnos
[2025-04-01 16:53:26] Registration successful for: bbnos
[2025-04-01 16:54:20] Attempting farmer login - Identifier: 09989898989
[2025-04-01 16:54:20] Login successful for identifier: 09989898989
[2025-04-01 16:54:38] Attempting farmer login - Identifier: bbnos
[2025-04-01 16:54:38] Login successful for identifier: bbnos
[2025-04-01 16:58:14] Attempting farmer registration - Username: 
[2025-04-01 16:58:14] Registration failed - Contact number must be exactly 11 digits: sadasdasdasdasd
[2025-04-01 17:00:17] Attempting farmer login - Identifier: yes
[2025-04-01 17:00:17] Login failed for identifier: yes - User not found
[2025-04-01 17:00:21] Attempting farmer login - Identifier: adasdas
[2025-04-01 17:00:21] Login failed for identifier: adasdas - User not found
[2025-04-01 17:00:26] Attempting farmer login - Identifier: sadaweqe
[2025-04-01 17:00:26] Login failed for identifier: sadaweqe - User not found
[2025-04-03 15:07:33] Attempting login - User input: nemz
[2025-04-03 15:07:33] Login successful for user: nemz
[2025-04-03 15:07:33] Attempting login - User input: nemz
[2025-04-03 15:07:33] Login successful for user: nemz
[2025-04-03 15:11:23] Attempting registration - Email: example@yahoo.com
[2025-04-03 15:11:23] Registration successful for: example@yahoo.com
[2025-04-03 15:11:23] Attempting registration - Email: example@yahoo.com
[2025-04-03 15:11:23] Registration failed - Email already exists: example@yahoo.com
[2025-04-03 15:11:42] Attempting login - User input: example@yahoo.com
[2025-04-03 15:11:42] Login successful for user: example@yahoo.com
[2025-04-03 15:11:55] Attempting login - User input: dave
[2025-04-03 15:11:55] Login successful for user: dave
[2025-04-03 15:14:11] Attempting login - User input: dave
[2025-04-03 15:14:11] Login successful for user: dave
[2025-04-03 15:37:50] Attempting registration - Email: blue@gmail.com
[2025-04-03 15:37:50] Registration successful for: blue@gmail.com
[2025-04-03 15:38:02] Attempting login - User input: blue@gmail.com
[2025-04-03 15:38:02] Login successful for user: blue@gmail.com
[2025-04-03 16:13:09] Attempting login - User input: dave
[2025-04-03 16:13:09] Login successful for user: dave
[2025-04-03 16:34:40] Attempting login - User input: dave
[2025-04-03 16:34:40] Login successful for user: dave
[2025-04-03 16:34:45] Attempting farmer login - Identifier: dave
[2025-04-03 16:34:45] Login failed for identifier: dave - User not found
[2025-04-03 16:34:59] Attempting login - User input: dave
[2025-04-03 16:34:59] Login successful for user: dave
[2025-04-03 16:35:07] Attempting login - User input: dave
[2025-04-03 16:35:07] Login successful for user: dave
[2025-04-03 16:35:42] Attempting login - User input: dave
[2025-04-03 16:35:42] Login successful for user: dave
[2025-04-03 16:36:16] Attempting login - User input: dave
[2025-04-03 16:36:16] Login successful for user: dave
[2025-04-03 16:37:40] Attempting login - User input: dave
[2025-04-03 16:37:40] Login successful for user: dave
[2025-04-03 16:38:10] Attempting login - User input: dave
[2025-04-03 16:38:10] Login successful for user: dave
[2025-04-03 16:44:28] Attempting login - User input: dave
[2025-04-03 16:44:28] Login successful for user: dave
[2025-04-03 16:47:16] Attempting login - User input: dave
[2025-04-03 16:47:16] Login successful for user: dave
[2025-04-03 17:04:15] Attempting login - User input: dave
[2025-04-03 17:04:15] Login successful for user: dave
[2025-04-03 17:09:08] Attempting login - User input: dave
[2025-04-03 17:09:08] Login successful for user: dave
<<<<<<< HEAD
[2025-04-07 16:00:23] Attempting farmer login - Identifier: dave
[2025-04-07 16:00:23] Login failed for identifier: dave - User not found
[2025-04-07 16:00:49] Attempting login - User input: dave
[2025-04-07 16:00:49] Login successful for user: dave
=======
[2025-04-06 06:47:00] Attempting login - User input: dave
[2025-04-06 06:47:00] Login successful for user: dave
<<<<<<< HEAD
[2025-04-07 16:32:56] Database connection error: No connection could be made because the target machine actively refused it
[2025-04-07 16:33:29] Database connection error: No connection could be made because the target machine actively refused it
[2025-04-07 16:34:50] Attempting login - User input: dave
[2025-04-07 16:34:50] Login successful for user: dave
=======
>>>>>>> 47d09146e2cec7a818fefc4f41111ecb97f624aa
>>>>>>> 014bad8aa5c64b147124f33b22a14c777e7fe6e2
[2025-04-07 17:22:58] Attempting login - User input: dave
[2025-04-07 17:22:58] Login successful for user: dave
[2025-04-07 17:24:04] Attempting login - User input: daave
[2025-04-07 17:24:04] Login failed for user: daave - User not found
[2025-04-07 17:24:09] Attempting login - User input: dave
[2025-04-07 17:24:09] Login successful for user: dave
[2025-04-07 17:26:05] Attempting login - User input: dave
[2025-04-07 17:26:05] Login successful for user: dave
<<<<<<< HEAD
[2025-04-07 18:40:15] Attempting registration - Email: greg@greg.com
[2025-04-07 18:40:15] Registration successful for: greg@greg.com
[2025-04-07 18:40:29] Attempting login - User input: greg
[2025-04-07 18:40:29] Login successful for user: greg
[2025-04-09 08:50:20] Attempting farmer login - Identifier: 09254361243
[2025-04-09 08:50:20] Login failed for identifier: 09254361243 - User not found
[2025-04-09 08:50:26] Attempting farmer login - Identifier: 09254361243
[2025-04-09 08:50:26] Login failed for identifier: 09254361243 - User not found
[2025-04-09 08:50:35] Attempting farmer login - Identifier: 09254361243
[2025-04-09 08:50:35] Login failed for identifier: 09254361243 - User not found
[2025-04-09 08:50:41] Attempting farmer login - Identifier: dave
[2025-04-09 08:50:41] Login failed for identifier: dave - User not found
[2025-04-09 08:51:00] Attempting login - User input: 09254361243
[2025-04-09 08:51:00] Login failed for user: 09254361243 - User not found
[2025-04-09 08:51:07] Attempting login - User input: 09254361243
[2025-04-09 08:51:07] Login failed for user: 09254361243 - User not found
[2025-04-09 08:51:15] Attempting login - User input: dave
[2025-04-09 08:51:15] Login successful for user: dave
[2025-04-09 08:51:55] Attempting login - User input: example@yahoo.com
[2025-04-09 08:51:55] Login successful for user: example@yahoo.com
[2025-04-09 10:24:16] Attempting login - User input: dave
[2025-04-09 10:24:16] Login successful for user: dave
=======
[2025-04-07 18:30:58] Attempting login - User input: john
[2025-04-07 18:30:58] Login failed for user: john - User not found
[2025-04-07 18:31:18] Attempting login - User input: nemz
[2025-04-07 18:31:18] Login successful for user: nemz
[2025-04-07 18:33:56] Attempting login - User input: nemz
[2025-04-07 18:33:56] Login failed for user: nemz - Invalid password
[2025-04-07 18:34:04] Attempting login - User input: nemz
[2025-04-07 18:34:04] Login failed for user: nemz - Invalid password
[2025-04-07 18:41:42] Attempting login - User input: nemz@gmail.com
[2025-04-07 18:41:42] Login failed for user: nemz@gmail.com - User not found
[2025-04-07 18:41:58] Attempting login - User input: blue
[2025-04-07 18:41:58] Login successful for user: blue
[2025-04-07 18:42:20] Attempting login - User input: blue
[2025-04-07 18:42:20] Login successful for user: blue
[2025-04-08 17:30:51] Attempting login - User input: dave
[2025-04-08 17:30:51] Login successful for user: dave
>>>>>>> 724a76f888bce779996893772d7c538398788b36
[2025-04-09 12:26:43] Attempting login - User input: dave
[2025-04-09 12:26:43] Login failed for user: dave - Invalid password
[2025-04-09 12:26:50] Attempting login - User input: dave
[2025-04-09 12:26:50] Login successful for user: dave
[2025-04-09 12:33:25] Attempting farmer login - Identifier: bbnos
[2025-04-09 12:33:25] Login successful for identifier: bbnos
[2025-04-09 12:46:33] Counter update failed - User not logged in
<<<<<<< HEAD
[2025-04-09 17:09:32] Attempting login - User input: dave
[2025-04-09 17:09:32] Login successful for user: dave
[2025-04-10 00:46:59] Attempting login - User input: dave
[2025-04-10 00:46:59] Login successful for user: dave
[2025-04-12 02:16:11] Attempting farmer login - Identifier: dave
[2025-04-12 02:16:11] Login failed for identifier: dave - User not found
[2025-04-12 02:16:38] Attempting farmer login - Identifier: blue
[2025-04-12 02:16:38] Login failed for identifier: blue - Invalid password
[2025-04-12 02:16:56] Attempting farmer login - Identifier: nemz
[2025-04-12 02:16:56] Login successful for identifier: nemz
=======
[2025-04-10 05:55:43] Attempting farmer login - Identifier: bbnos
[2025-04-10 05:55:43] Login successful for identifier: bbnos
>>>>>>> f6a9c756640be1246f6d273e197267c9a58a8e09
<<<<<<< HEAD
[2025-04-12 03:35:12] Attempting login - User input: dave
[2025-04-12 03:35:12] Login successful for user: dave
[2025-04-14 15:06:41] Attempting farmer login - Identifier: bbnos
[2025-04-14 15:06:41] Login successful for identifier: bbnos
=======
[2025-04-12 19:27:49] Attempting login - User input: dave
[2025-04-12 19:27:49] Login successful for user: dave
>>>>>>> 84fbdc0879c2363527b85458066da8d461e59548
[2025-04-14 16:23:44] Attempting login - User input: dave
[2025-04-14 16:23:44] Login successful for user: dave
[2025-04-14 16:24:07] Attempting login - User input: dave
[2025-04-14 16:24:07] Login successful for user: dave
[2025-04-14 17:13:44] Attempting farmer login - Identifier: bbnos
[2025-04-14 17:13:44] Login successful for identifier: bbnos
[2025-04-14 17:39:57] Attempting login - User input: bbnos
[2025-04-14 17:39:57] Login failed for user: bbnos - User not found
[2025-04-14 17:40:04] Attempting login - User input: dave
[2025-04-14 17:40:04] Login successful for user: dave
[2025-04-14 17:43:28] Attempting farmer login - Identifier: nemz
[2025-04-14 17:43:28] Login successful for identifier: nemz
[2025-04-14 17:43:43] Attempting farmer login - Identifier: bbnos
[2025-04-14 17:43:43] Login successful for identifier: bbnos
[2025-04-14 17:45:46] Attempting farmer login - Identifier: bbnos
[2025-04-14 17:45:46] Login successful for identifier: bbnos
[2025-04-14 17:49:21] Attempting farmer login - Identifier: nemz123456
[2025-04-14 17:49:21] Login failed for identifier: nemz123456 - User not found
[2025-04-14 17:49:27] Attempting farmer login - Identifier: nemz
[2025-04-14 17:49:27] Login successful for identifier: nemz
[2025-04-14 17:50:06] Attempting farmer login - Identifier: bbnos
[2025-04-14 17:50:06] Login successful for identifier: bbnos
[2025-04-14 17:52:02] Attempting farmer login - Identifier: nemz
[2025-04-14 17:52:02] Login successful for identifier: nemz
[2025-04-17 16:28:54] Attempting farmer login - Identifier: bbnos
[2025-04-17 16:28:54] Login successful for identifier: bbnos
[2025-04-17 16:36:17] Attempting farmer login - Identifier: bbnos
[2025-04-17 16:36:17] Login successful for identifier: bbnos
[2025-04-18 16:37:59] Attempting farmer login - Identifier: bbnos
[2025-04-18 16:37:59] Login successful for identifier: bbnos
[2025-04-18 17:22:38] Attempting farmer login - Identifier: bbnos
[2025-04-18 17:22:38] Login successful for identifier: bbnos
<<<<<<< HEAD
[2025-04-18 18:04:28] Attempting farmer login - Identifier: bbnos
[2025-04-18 18:04:28] Login successful for identifier: bbnos
[2025-04-18 18:04:36] Attempting farmer login - Identifier: bbnos
[2025-04-18 18:04:36] Login successful for identifier: bbnos
[2025-04-18 18:07:55] Attempting farmer login - Identifier: bbnos
[2025-04-18 18:07:55] Login successful for identifier: bbnos
[2025-04-18 18:08:47] Attempting farmer login - Identifier: bbnos
[2025-04-18 18:08:47] Login successful for identifier: bbnos
[2025-04-18 18:38:51] Attempting farmer login - Identifier: bbnos
[2025-04-18 18:38:51] Login successful for identifier: bbnos
[2025-04-18 18:42:00] Attempting farmer login - Identifier: bbnos
[2025-04-18 18:42:00] Login successful for identifier: bbnos
[2025-04-18 18:45:15] Attempting farmer login - Identifier: bbnos
[2025-04-18 18:45:15] Login successful for identifier: bbnos
[2025-04-18 18:48:44] Attempting farmer login - Identifier: bbnos
[2025-04-18 18:48:44] Login successful for identifier: bbnos
[2025-04-18 18:49:14] Attempting farmer login - Identifier: bbnos
[2025-04-18 18:49:14] Login successful for identifier: bbnos
[2025-04-23 03:13:14] Attempting farmer login - Identifier: bbnos
[2025-04-23 03:13:14] Login successful for identifier: bbnos
[2025-04-23 03:14:55] Attempting farmer login - Identifier: bbnos
[2025-04-23 03:14:55] Login successful for identifier: bbnos
[2025-04-23 03:15:44] Attempting farmer login - Identifier: bbnos
[2025-04-23 03:15:44] Login successful for identifier: bbnos
[2025-04-23 17:58:18] Attempting farmer login - Identifier: bbnos
[2025-04-23 17:58:18] Login successful for identifier: bbnos
[2025-04-23 17:58:18] Attempting farmer login - Identifier: bbnos
[2025-04-23 17:58:18] Login successful for identifier: bbnos
[2025-04-23 17:58:43] Attempting farmer login - Identifier: bbnos
[2025-04-23 17:58:43] Login successful for identifier: bbnos
[2025-04-23 17:59:01] Attempting farmer login - Identifier: bbnos
[2025-04-23 17:59:01] Login successful for identifier: bbnos
[2025-04-23 18:02:33] Attempting farmer login - Identifier: bbnos
[2025-04-23 18:02:33] Login successful for identifier: bbnos
[2025-04-23 18:07:29] Attempting farmer login - Identifier: bbnos
[2025-04-23 18:07:29] Login successful for identifier: bbnos
[2025-04-24 20:11:37] Attempting farmer login - Identifier: bbnos
[2025-04-24 20:11:37] Login successful for identifier: bbnos
[2025-04-25 14:02:58] Attempting farmer login - Identifier: bbnos
[2025-04-25 14:02:58] Login successful for identifier: bbnos
=======
[2025-04-22 19:40:38] Attempting login - User input: dave
[2025-04-22 19:40:38] Login successful for user: dave
<<<<<<< HEAD
[2025-04-29 08:52:34] Attempting farmer login - Identifier: dave
[2025-04-29 08:52:34] Login failed for identifier: dave - User not found
[2025-04-29 08:53:43] Attempting farmer login - Identifier: bbnos
[2025-04-29 08:53:43] Login successful for identifier: bbnos
=======
>>>>>>> 3f7362933b7ad4ff6a42453111795d670ebd3614
>>>>>>> 56d959dd78ce950c8f519c649627f38f819a3886
[2025-04-30 12:03:01] Attempting farmer login - Identifier: bbnos
[2025-04-30 12:03:01] Login successful for identifier: bbnos
[2025-04-30 12:10:42] Attempting login - User input: dave
[2025-04-30 12:10:42] Login successful for user: dave
[2025-05-01 17:11:52] Attempting login - User input: dave
[2025-05-01 17:11:52] Login successful for user: dave
[2025-05-01 17:16:01] Attempting farmer login - Identifier: bbnos
[2025-05-01 17:16:01] Login successful for identifier: bbnos
[2025-05-05 15:57:39] Attempting farmer login - Identifier: bbnos
[2025-05-05 15:57:39] Login successful for identifier: bbnos
[2025-05-05 17:23:21] Attempting login - User input: dave
[2025-05-05 17:23:21] Login successful for user: dave
[2025-05-16 20:02:57] Attempting login - User input: dave
[2025-05-16 20:02:57] Login successful for user: dave
[2025-05-16 20:03:52] Attempting login - User input: dave
[2025-05-16 20:03:52] Login successful for user: dave
[2025-05-16 21:08:17] Attempting login - User input: dave
[2025-05-16 21:08:17] Login successful for user: dave
[2025-05-16 21:19:58] Attempting login - User input: nemz
[2025-05-16 21:19:58] Login successful for user: nemz
[2025-05-16 21:43:39] Attempting login - User input: nemz
[2025-05-16 21:43:39] Login successful for user: nemz
[2025-05-16 21:55:51] Attempting login - User input: nemz
[2025-05-16 21:55:51] Login successful for user: nemz
[2025-05-17 02:09:56] Attempting login - User input: dave
[2025-05-17 02:09:56] Login successful for user: dave
