[2025-03-26 15:30:46] Attempting login - Email: example@gmail.com
[2025-03-26 15:30:46] Login successful for: example@gmail.com
[2025-03-26 16:32:23] Attempting login - Email: example@gmail.com
[2025-03-26 16:32:23] Login successful for: example@gmail.com
[2025-03-26 16:33:01] Attempting registration - Email: craft@gmail.com
[2025-03-26 16:33:01] Registration successful for: craft@gmail.com
[2025-03-26 16:33:24] Attempting login - Email: craft@gmail.com
[2025-03-26 16:33:24] Login successful for: craft@gmail.com
[2025-03-26 16:33:15] Attempting registration - Email: Kent@corps.com
[2025-03-26 16:33:15] Registration successful for: Kent@corps.com
[2025-03-26 16:33:24] Attempting login - Email: Kent@corps.com
[2025-03-26 16:33:24] Login successful for: Kent@corps.com
[2025-03-26 16:42:53] Attempting login - Email: example@gmail.com
[2025-03-26 16:42:53] Login successful for: example@gmail.com
[2025-03-26 16:46:31] Attempting login - Email: example@gmail.com
[2025-03-26 16:46:31] Login successful for: example@gmail.com
[2025-03-26 18:07:35] Attempting farmer login - Email: nemz@gmail.com
[2025-03-26 18:07:35] Login successful for: nemz@gmail.com
[2025-03-26 18:08:27] Attempting farmer registration - Email: rex@gmail.com
[2025-03-26 18:08:27] Registration successful for: rex@gmail.com
[2025-03-26 18:08:35] Attempting farmer login - Email: rex@gmail.com
[2025-03-26 18:08:35] Login successful for: rex@gmail.com
